{"/home/logon/Documents/repo/TDD-Practices/Job-matching/jobmatching.js": {"path":"/home/logon/Documents/repo/TDD-Practices/Job-matching/jobmatching.js","statementMap":{"0":{"start":{"line":2,"column":4},"end":{"line":4,"column":5}},"1":{"start":{"line":3,"column":8},"end":{"line":3,"column":61}},"2":{"start":{"line":6,"column":25},"end":{"line":6,"column":49}},"3":{"start":{"line":8,"column":4},"end":{"line":11,"column":20}},"4":{"start":{"line":9,"column":8},"end":{"line":9,"column":19}},"5":{"start":{"line":11,"column":8},"end":{"line":11,"column":20}},"6":{"start":{"line":13,"column":0},"end":{"line":13,"column":29}}},"fnMap":{"0":{"name":"jobmatching","decl":{"start":{"line":1,"column":9},"end":{"line":1,"column":20}},"loc":{"start":{"line":1,"column":37},"end":{"line":12,"column":1}},"line":1}},"branchMap":{"0":{"loc":{"start":{"line":2,"column":4},"end":{"line":4,"column":5}},"type":"if","locations":[{"start":{"line":2,"column":4},"end":{"line":4,"column":5}},{"start":{},"end":{}}],"line":2},"1":{"loc":{"start":{"line":2,"column":8},"end":{"line":2,"column":176}},"type":"binary-expr","locations":[{"start":{"line":2,"column":8},"end":{"line":2,"column":35}},{"start":{"line":2,"column":39},"end":{"line":2,"column":71}},{"start":{"line":2,"column":75},"end":{"line":2,"column":96}},{"start":{"line":2,"column":100},"end":{"line":2,"column":126}},{"start":{"line":2,"column":130},"end":{"line":2,"column":154}},{"start":{"line":2,"column":158},"end":{"line":2,"column":176}}],"line":2},"2":{"loc":{"start":{"line":8,"column":4},"end":{"line":11,"column":20}},"type":"if","locations":[{"start":{"line":8,"column":4},"end":{"line":11,"column":20}},{"start":{"line":11,"column":8},"end":{"line":11,"column":20}}],"line":8}},"s":{"0":3,"1":1,"2":2,"3":2,"4":1,"5":1,"6":1},"f":{"0":3},"b":{"0":[1,2],"1":[3,3,3,3,3,2],"2":[1,1]},"_coverageSchema":"1a1c01bbd47fc00a2c39e90264f33305004495a9","hash":"c02e026cf1c58c1b542b00ca48ed2555e28490b4"}
,"/home/logon/Documents/repo/TDD-Practices/closest-elevator/functions.js": {"path":"/home/logon/Documents/repo/TDD-Practices/closest-elevator/functions.js","statementMap":{"0":{"start":{"line":1,"column":18},"end":{"line":10,"column":1}},"1":{"start":{"line":3,"column":8},"end":{"line":3,"column":44}},"2":{"start":{"line":4,"column":8},"end":{"line":4,"column":46}},"3":{"start":{"line":5,"column":8},"end":{"line":7,"column":9}},"4":{"start":{"line":6,"column":12},"end":{"line":6,"column":25}},"5":{"start":{"line":8,"column":8},"end":{"line":8,"column":22}},"6":{"start":{"line":12,"column":0},"end":{"line":12,"column":27}}},"fnMap":{"0":{"name":"(anonymous_0)","decl":{"start":{"line":2,"column":21},"end":{"line":2,"column":22}},"loc":{"start":{"line":2,"column":44},"end":{"line":9,"column":5}},"line":2}},"branchMap":{"0":{"loc":{"start":{"line":5,"column":8},"end":{"line":7,"column":9}},"type":"if","locations":[{"start":{"line":5,"column":8},"end":{"line":7,"column":9}},{"start":{},"end":{}}],"line":5}},"s":{"0":1,"1":6,"2":6,"3":6,"4":3,"5":3,"6":1},"f":{"0":6},"b":{"0":[3,3]},"_coverageSchema":"1a1c01bbd47fc00a2c39e90264f33305004495a9","hash":"d6a42306a854dd18b5e5f91e66d6c1ce73f4bde5"}
,"/home/logon/Documents/repo/TDD-Practices/count-lowercase /functions.js": {"path":"/home/logon/Documents/repo/TDD-Practices/count-lowercase /functions.js","statementMap":{"0":{"start":{"line":1,"column":18},"end":{"line":13,"column":1}},"1":{"start":{"line":3,"column":20},"end":{"line":3,"column":21}},"2":{"start":{"line":4,"column":8},"end":{"line":9,"column":9}},"3":{"start":{"line":4,"column":21},"end":{"line":4,"column":22}},"4":{"start":{"line":5,"column":30},"end":{"line":5,"column":51}},"5":{"start":{"line":6,"column":12},"end":{"line":8,"column":13}},"6":{"start":{"line":7,"column":16},"end":{"line":7,"column":24}},"7":{"start":{"line":11,"column":8},"end":{"line":11,"column":21}},"8":{"start":{"line":15,"column":0},"end":{"line":15,"column":27}}},"fnMap":{"0":{"name":"(anonymous_0)","decl":{"start":{"line":2,"column":20},"end":{"line":2,"column":21}},"loc":{"start":{"line":2,"column":31},"end":{"line":12,"column":5}},"line":2}},"branchMap":{"0":{"loc":{"start":{"line":6,"column":12},"end":{"line":8,"column":13}},"type":"if","locations":[{"start":{"line":6,"column":12},"end":{"line":8,"column":13}},{"start":{},"end":{}}],"line":6},"1":{"loc":{"start":{"line":6,"column":16},"end":{"line":6,"column":51}},"type":"binary-expr","locations":[{"start":{"line":6,"column":16},"end":{"line":6,"column":31}},{"start":{"line":6,"column":35},"end":{"line":6,"column":51}}],"line":6}},"s":{"0":1,"1":2,"2":2,"3":2,"4":282,"5":282,"6":52,"7":2,"8":1},"f":{"0":2},"b":{"0":[52,230],"1":[282,185]},"_coverageSchema":"1a1c01bbd47fc00a2c39e90264f33305004495a9","hash":"a8bc606e131b0a19b743d3c6edc37bd445e7b00f"}
,"/home/logon/Documents/repo/TDD-Practices/draw-stairs/drawstairs.js": {"path":"/home/logon/Documents/repo/TDD-Practices/draw-stairs/drawstairs.js","statementMap":{"0":{"start":{"line":2,"column":4},"end":{"line":3,"column":17}},"1":{"start":{"line":3,"column":8},"end":{"line":3,"column":17}},"2":{"start":{"line":5,"column":17},"end":{"line":5,"column":19}},"3":{"start":{"line":6,"column":4},"end":{"line":15,"column":5}},"4":{"start":{"line":6,"column":17},"end":{"line":6,"column":18}},"5":{"start":{"line":7,"column":8},"end":{"line":9,"column":9}},"6":{"start":{"line":7,"column":21},"end":{"line":7,"column":22}},"7":{"start":{"line":8,"column":12},"end":{"line":8,"column":26}},"8":{"start":{"line":10,"column":8},"end":{"line":13,"column":31}},"9":{"start":{"line":11,"column":12},"end":{"line":11,"column":36}},"10":{"start":{"line":13,"column":12},"end":{"line":13,"column":31}},"11":{"start":{"line":16,"column":4},"end":{"line":16,"column":18}},"12":{"start":{"line":18,"column":0},"end":{"line":18,"column":28}}},"fnMap":{"0":{"name":"drawstairs","decl":{"start":{"line":1,"column":9},"end":{"line":1,"column":19}},"loc":{"start":{"line":1,"column":23},"end":{"line":17,"column":1}},"line":1}},"branchMap":{"0":{"loc":{"start":{"line":2,"column":4},"end":{"line":3,"column":17}},"type":"if","locations":[{"start":{"line":2,"column":4},"end":{"line":3,"column":17}},{"start":{},"end":{}}],"line":2},"1":{"loc":{"start":{"line":10,"column":8},"end":{"line":13,"column":31}},"type":"if","locations":[{"start":{"line":10,"column":8},"end":{"line":13,"column":31}},{"start":{"line":13,"column":12},"end":{"line":13,"column":31}}],"line":10}},"s":{"0":3,"1":1,"2":2,"3":2,"4":2,"5":4,"6":4,"7":3,"8":4,"9":2,"10":2,"11":2,"12":1},"f":{"0":3},"b":{"0":[1,2],"1":[2,2]},"_coverageSchema":"1a1c01bbd47fc00a2c39e90264f33305004495a9","hash":"ac592d5fc713fa5e157d0867097f091fbe8a1a67"}
,"/home/logon/Documents/repo/TDD-Practices/family-age-gap/functions.js": {"path":"/home/logon/Documents/repo/TDD-Practices/family-age-gap/functions.js","statementMap":{"0":{"start":{"line":1,"column":18},"end":{"line":15,"column":1}},"1":{"start":{"line":3,"column":18},"end":{"line":3,"column":25}},"2":{"start":{"line":4,"column":18},"end":{"line":4,"column":25}},"3":{"start":{"line":5,"column":8},"end":{"line":11,"column":9}},"4":{"start":{"line":5,"column":21},"end":{"line":5,"column":22}},"5":{"start":{"line":6,"column":12},"end":{"line":7,"column":30}},"6":{"start":{"line":7,"column":16},"end":{"line":7,"column":30}},"7":{"start":{"line":9,"column":12},"end":{"line":10,"column":28}},"8":{"start":{"line":10,"column":16},"end":{"line":10,"column":28}},"9":{"start":{"line":13,"column":8},"end":{"line":13,"column":32}},"10":{"start":{"line":17,"column":0},"end":{"line":17,"column":27}}},"fnMap":{"0":{"name":"(anonymous_0)","decl":{"start":{"line":2,"column":12},"end":{"line":2,"column":13}},"loc":{"start":{"line":2,"column":22},"end":{"line":14,"column":5}},"line":2}},"branchMap":{"0":{"loc":{"start":{"line":6,"column":12},"end":{"line":7,"column":30}},"type":"if","locations":[{"start":{"line":6,"column":12},"end":{"line":7,"column":30}},{"start":{},"end":{}}],"line":6},"1":{"loc":{"start":{"line":9,"column":12},"end":{"line":10,"column":28}},"type":"if","locations":[{"start":{"line":9,"column":12},"end":{"line":10,"column":28}},{"start":{},"end":{}}],"line":9}},"s":{"0":1,"1":7,"2":7,"3":7,"4":7,"5":9,"6":6,"7":9,"8":1,"9":7,"10":1},"f":{"0":7},"b":{"0":[6,3],"1":[1,8]},"_coverageSchema":"1a1c01bbd47fc00a2c39e90264f33305004495a9","hash":"29e11cfd3443477360095c9c733704a01bbe2197"}
,"/home/logon/Documents/repo/TDD-Practices/making-six-toast/functions.js": {"path":"/home/logon/Documents/repo/TDD-Practices/making-six-toast/functions.js","statementMap":{"0":{"start":{"line":1,"column":18},"end":{"line":8,"column":1}},"1":{"start":{"line":3,"column":8},"end":{"line":6,"column":27}},"2":{"start":{"line":4,"column":12},"end":{"line":4,"column":26}},"3":{"start":{"line":6,"column":12},"end":{"line":6,"column":27}},"4":{"start":{"line":10,"column":0},"end":{"line":10,"column":27}}},"fnMap":{"0":{"name":"(anonymous_0)","decl":{"start":{"line":2,"column":14},"end":{"line":2,"column":15}},"loc":{"start":{"line":2,"column":23},"end":{"line":7,"column":5}},"line":2}},"branchMap":{"0":{"loc":{"start":{"line":3,"column":8},"end":{"line":6,"column":27}},"type":"if","locations":[{"start":{"line":3,"column":8},"end":{"line":6,"column":27}},{"start":{"line":6,"column":12},"end":{"line":6,"column":27}}],"line":3}},"s":{"0":1,"1":2,"2":1,"3":1,"4":1},"f":{"0":2},"b":{"0":[1,1]},"_coverageSchema":"1a1c01bbd47fc00a2c39e90264f33305004495a9","hash":"5422693fbf059f2818f9c1c7c18046260b4d710c"}
,"/home/logon/Documents/repo/TDD-Practices/maximize/functions.js": {"path":"/home/logon/Documents/repo/TDD-Practices/maximize/functions.js","statementMap":{"0":{"start":{"line":2,"column":18},"end":{"line":18,"column":1}},"1":{"start":{"line":4,"column":4},"end":{"line":5,"column":44}},"2":{"start":{"line":5,"column":6},"end":{"line":5,"column":44}},"3":{"start":{"line":6,"column":4},"end":{"line":7,"column":44}},"4":{"start":{"line":7,"column":6},"end":{"line":7,"column":44}},"5":{"start":{"line":9,"column":4},"end":{"line":10,"column":15}},"6":{"start":{"line":10,"column":6},"end":{"line":10,"column":15}},"7":{"start":{"line":12,"column":17},"end":{"line":12,"column":18}},"8":{"start":{"line":13,"column":4},"end":{"line":15,"column":5}},"9":{"start":{"line":13,"column":17},"end":{"line":13,"column":18}},"10":{"start":{"line":14,"column":6},"end":{"line":14,"column":25}},"11":{"start":{"line":16,"column":4},"end":{"line":16,"column":18}},"12":{"start":{"line":19,"column":0},"end":{"line":19,"column":27}}},"fnMap":{"0":{"name":"(anonymous_0)","decl":{"start":{"line":3,"column":9},"end":{"line":3,"column":10}},"loc":{"start":{"line":3,"column":19},"end":{"line":17,"column":3}},"line":3}},"branchMap":{"0":{"loc":{"start":{"line":4,"column":4},"end":{"line":5,"column":44}},"type":"if","locations":[{"start":{"line":4,"column":4},"end":{"line":5,"column":44}},{"start":{},"end":{}}],"line":4},"1":{"loc":{"start":{"line":6,"column":4},"end":{"line":7,"column":44}},"type":"if","locations":[{"start":{"line":6,"column":4},"end":{"line":7,"column":44}},{"start":{},"end":{}}],"line":6},"2":{"loc":{"start":{"line":9,"column":4},"end":{"line":10,"column":15}},"type":"if","locations":[{"start":{"line":9,"column":4},"end":{"line":10,"column":15}},{"start":{},"end":{}}],"line":9},"3":{"loc":{"start":{"line":9,"column":8},"end":{"line":9,"column":24}},"type":"binary-expr","locations":[{"start":{"line":9,"column":8},"end":{"line":9,"column":14}},{"start":{"line":9,"column":18},"end":{"line":9,"column":24}}],"line":9}},"s":{"0":1,"1":8,"2":2,"3":6,"4":2,"5":4,"6":1,"7":3,"8":3,"9":3,"10":6,"11":3,"12":1},"f":{"0":8},"b":{"0":[2,6],"1":[2,4],"2":[1,3],"3":[4,1]},"_coverageSchema":"1a1c01bbd47fc00a2c39e90264f33305004495a9","hash":"d8443a38533c2e71c672a83e76f03abef38da65d"}
}
