TN:
SF:Job-matching/jobmatching.js
FN:1,jobmatching
FNF:1
FNH:1
FNDA:3,jobmatching
DA:2,3
DA:3,1
DA:6,2
DA:8,2
DA:9,1
DA:11,1
DA:13,1
LF:7
LH:7
BRDA:2,0,0,1
BRDA:2,0,1,2
BRDA:2,1,0,3
BRDA:2,1,1,3
BRDA:2,1,2,3
BRDA:2,1,3,3
BRDA:2,1,4,3
BRDA:2,1,5,2
BRDA:8,2,0,1
BRDA:8,2,1,1
BRF:10
BRH:10
end_of_record
TN:
SF:closest-elevator/functions.js
FN:2,(anonymous_0)
FNF:1
FNH:1
FNDA:6,(anonymous_0)
DA:1,1
DA:3,6
DA:4,6
DA:5,6
DA:6,3
DA:8,3
DA:12,1
LF:7
LH:7
BRDA:5,0,0,3
BRDA:5,0,1,3
BRF:2
BRH:2
end_of_record
TN:
SF:count-lowercase /functions.js
FN:2,(anonymous_0)
FNF:1
FNH:1
FNDA:2,(anonymous_0)
DA:1,1
DA:3,2
DA:4,2
DA:5,282
DA:6,282
DA:7,52
DA:11,2
DA:15,1
LF:8
LH:8
BRDA:6,0,0,52
BRDA:6,0,1,230
BRDA:6,1,0,282
BRDA:6,1,1,185
BRF:4
BRH:4
end_of_record
TN:
SF:draw-stairs/drawstairs.js
FN:1,drawstairs
FNF:1
FNH:1
FNDA:3,drawstairs
DA:2,3
DA:3,1
DA:5,2
DA:6,2
DA:7,4
DA:8,3
DA:10,4
DA:11,2
DA:13,2
DA:16,2
DA:18,1
LF:11
LH:11
BRDA:2,0,0,1
BRDA:2,0,1,2
BRDA:10,1,0,2
BRDA:10,1,1,2
BRF:4
BRH:4
end_of_record
TN:
SF:family-age-gap/functions.js
FN:2,(anonymous_0)
FNF:1
FNH:1
FNDA:7,(anonymous_0)
DA:1,1
DA:3,7
DA:4,7
DA:5,7
DA:6,9
DA:7,6
DA:9,9
DA:10,1
DA:13,7
DA:17,1
LF:10
LH:10
BRDA:6,0,0,6
BRDA:6,0,1,3
BRDA:9,1,0,1
BRDA:9,1,1,8
BRF:4
BRH:4
end_of_record
TN:
SF:making-six-toast/functions.js
FN:2,(anonymous_0)
FNF:1
FNH:1
FNDA:2,(anonymous_0)
DA:1,1
DA:3,2
DA:4,1
DA:6,1
DA:10,1
LF:5
LH:5
BRDA:3,0,0,1
BRDA:3,0,1,1
BRF:2
BRH:2
end_of_record
TN:
SF:maximize/functions.js
FN:3,(anonymous_0)
FNF:1
FNH:1
FNDA:8,(anonymous_0)
DA:2,1
DA:4,8
DA:5,2
DA:6,6
DA:7,2
DA:9,4
DA:10,1
DA:12,3
DA:13,3
DA:14,6
DA:16,3
DA:19,1
LF:12
LH:12
BRDA:4,0,0,2
BRDA:4,0,1,6
BRDA:6,1,0,2
BRDA:6,1,1,4
BRDA:9,2,0,1
BRDA:9,2,1,3
BRDA:9,3,0,4
BRDA:9,3,1,1
BRF:8
BRH:8
end_of_record
